<?xml version='1.0' encoding='UTF-8'?>
<testsuite hostname="FabianLaptop" name="SampleTests" tests="26" errors="0" failures="0" skipped="0" time="0.014" timestamp="2020-11-07T11:24:37">
                     <properties>
[...]
</properties>
                     <testcase classname="SampleTests" name="v3(0) should be equal to 1" time="0.011">
                                                 
                                               </testcase><testcase classname="SampleTests" name="v3(2) should be equal to 3" time="0.0">
                                                 
                                               </testcase><testcase classname="SampleTests" name="v3(1 to 2) should be equal to Vec(2, 3)" time="0.0">
                                                 
                                               </testcase><testcase classname="SampleTests" name="m3(1, 0) should be equal to v2" time="0.0">
                                                 
                                               </testcase><testcase classname="SampleTests" name="m3(2, 1) should be equal to Vec(1, 2, 3)" time="0.0">
                                                 
                                               </testcase><testcase classname="SampleTests" name="m3(0 to 1, 0) should be equal to Mat(v1, v2)" time="0.001">
                                                 
                                               </testcase><testcase classname="SampleTests" name="m3(1 to 2, 1) should be equal to Mat([1, 1], [2, 2], [2, 3])" time="0.0">
                                                 
                                               </testcase><testcase classname="SampleTests" name="v1 + 1 should be equal to Vec(2, 2, 2)" time="0.0">
                                                 
                                               </testcase><testcase classname="SampleTests" name="1 + v1 should be equal to Vec(2, 2, 2)" time="0.001">
                                                 
                                               </testcase><testcase classname="SampleTests" name="v1 + v1 should be equal to Vec(2, 2, 2)" time="0.0">
                                                 
                                               </testcase><testcase classname="SampleTests" name="v1 + v2 should be equal to Vec(3, 3, 3)" time="0.0">
                                                 
                                               </testcase><testcase classname="SampleTests" name="v1 + m1 should be equal to m2" time="0.0">
                                                 
                                               </testcase><testcase classname="SampleTests" name="m1 + v1 should be equal to m2" time="0.0">
                                                 
                                               </testcase><testcase classname="SampleTests" name="m1 + m1 should be equal to m2" time="0.0">
                                                 
                                               </testcase><testcase classname="SampleTests" name="v2 * 2 should be equal to Vec(4, 4, 4)" time="0.0">
                                                 
                                               </testcase><testcase classname="SampleTests" name="2 * v2 should be equal to Vec(4, 4, 4)" time="0.0">
                                                 
                                               </testcase><testcase classname="SampleTests" name="v2 * v2 should be equal to v4" time="0.0">
                                                 
                                               </testcase><testcase classname="SampleTests" name="v2 * m2 should be equal to m4" time="0.0">
                                                 
                                               </testcase><testcase classname="SampleTests" name="m2 * m2 should be equal to m4" time="0.001">
                                                 
                                               </testcase><testcase classname="SampleTests" name="v1 - v1 should be equal to Vec(0, 0, 0)" time="0.0">
                                                 
                                               </testcase><testcase classname="SampleTests" name="v2 - v1 should be equal to Vec(1, 1, 1)" time="0.0">
                                                 
                                               </testcase><testcase classname="SampleTests" name="v1 - v2 should be equal to Vec(-1, -1, -1)" time="0.0">
                                                 
                                               </testcase><testcase classname="SampleTests" name="v2 / v1 should be equal to Vec(2, 2, 2)" time="0.0">
                                                 
                                               </testcase><testcase classname="SampleTests" name="v1 / v2 should be equal to Vec(.5, .5, .5)" time="0.0">
                                                 
                                               </testcase><testcase classname="SampleTests" name="v1 dot v1 should be equal to 3" time="0.0">
                                                 
                                               </testcase><testcase classname="SampleTests" name="v2 dot v3 should be equal to 12" time="0.0">
                                                 
                                               </testcase>
                     <system-out><![CDATA[]]></system-out>
                     <system-err><![CDATA[]]></system-err>
                   </testsuite>